[debug] [2022-09-29T08:30:25.373Z] ----------------------------------------------------------------------
[debug] [2022-09-29T08:30:25.375Z] Command:       C:\Program Files\nodejs\node.exe C:\Users\owais\AppData\Roaming\npm\node_modules\firebase-tools\lib\bin\firebase.js init
[debug] [2022-09-29T08:30:25.375Z] CLI Version:   11.11.0
[debug] [2022-09-29T08:30:25.375Z] Platform:      win32
[debug] [2022-09-29T08:30:25.376Z] Node Version:  v16.17.1
[debug] [2022-09-29T08:30:25.376Z] Time:          Thu Sep 29 2022 14:00:25 GMT+0530 (India Standard Time)
[debug] [2022-09-29T08:30:25.377Z] ----------------------------------------------------------------------
[debug] 
[debug] [2022-09-29T08:30:25.383Z] > command requires scopes: ["email","openid","https://www.googleapis.com/auth/cloudplatformprojects.readonly","https://www.googleapis.com/auth/firebase","https://www.googleapis.com/auth/cloud-platform"]
[debug] [2022-09-29T08:30:25.383Z] > authorizing via signed-in user (owaisraza7297@gmail.com)
[info] 
     ######## #### ########  ######## ########     ###     ######  ########
     ##        ##  ##     ## ##       ##     ##  ##   ##  ##       ##
     ######    ##  ########  ######   ########  #########  ######  ######
     ##        ##  ##    ##  ##       ##     ## ##     ##       ## ##
     ##       #### ##     ## ######## ########  ##     ##  ######  ########

You're about to initialize a Firebase project in this directory:

  D:\Web Development\CSS-my site

[info] 
=== Project Setup
[info] 
[info] First, let's associate this project directory with a Firebase project.
[info] You can create multiple project aliases by running firebase use --add, 
[info] but for now we'll just set up a default project.
[info] 
[debug] [2022-09-29T08:31:05.328Z] >>> [apiv2][query] GET https://firebase.googleapis.com/v1beta1/projects pageSize=100
[debug] [2022-09-29T08:31:06.298Z] <<< [apiv2][status] GET https://firebase.googleapis.com/v1beta1/projects 200
[debug] [2022-09-29T08:31:06.298Z] <<< [apiv2][body] GET https://firebase.googleapis.com/v1beta1/projects [omitted]
[info] i  Using project raza-owais (Raza Owais) 
[info] 
=== Hosting Setup
[info] 
[info] Your public directory is the folder (relative to your project directory) that
[info] will contain Hosting assets to be uploaded with firebase deploy. If you
[info] have a build process for your assets, use your build's output directory.
[info] 
